<?xml version="1.0" encoding="UTF-8"?>
<!-- Generated by org.testng.reporters.JUnitXMLReporter -->
<testsuite hostname="CANL-1LS0KC2" ignored="0" name="Test-method test" tests="1" failures="0" timestamp="24 Apr 2017 00:44:32 GMT" time="13.707" errors="0">
  <testcase name="DoTest" time="11.457" classname="com.cgi.code.testng.ExcelTestData"/>
</testsuite> <!-- Test-method test -->
