<?xml version="1.0" encoding="UTF-8"?>
<!-- Generated by org.testng.reporters.JUnitReportReporter -->
<testsuite skipped="0" hostname="CANL-1LS0KC2" name="com.cgi.code.testng.CallActionKeywords" tests="1" failures="0" timestamp="02 Aug 2017 19:40:52 GMT" time="17.097" errors="0">
  <testcase name="DoTest" time="17.097" classname="com.cgi.code.testng.CallActionKeywords"/>
</testsuite> <!-- com.cgi.code.testng.CallActionKeywords -->
