<?xml version="1.0" encoding="UTF-8"?>
<!-- Generated by org.testng.reporters.JUnitReportReporter -->
<testsuite skipped="0" hostname="CANL-1LS0KC2" name="com.cgi.code.testng.ExcelTestData" tests="1" failures="0" timestamp="24 May 2017 18:33:15 GMT" time="21.100" errors="0">
  <testcase name="DoTest" time="21.100" classname="com.cgi.code.testng.ExcelTestData"/>
</testsuite> <!-- com.cgi.code.testng.ExcelTestData -->
